[Queue: ClusterCreate][Command #0 Start] 20:50:30.731666 kind create cluster --name provider-italy --config - --kubeconfig /home/ubuntu/.kwok/clusters/provider-italy/kubeconfig.yaml
[Queue: ClusterCreate][Command #0 End] 20:50:50.640592 Executed at Time: 0.000000 Seconds

[Queue: ClusterCreate][Command #0 Start] 20:50:50.640993 kubectl apply -f - --kubeconfig /home/ubuntu/.kwok/clusters/provider-italy/kubeconfig.yaml --context 
[Queue: ClusterCreate][Command #0] customresourcedefinition.apiextensions.k8s.io/attaches.kwok.x-k8s.io created
[Queue: ClusterCreate][Command #0] customresourcedefinition.apiextensions.k8s.io/clusterattaches.kwok.x-k8s.io created
[Queue: ClusterCreate][Command #0] customresourcedefinition.apiextensions.k8s.io/clusterexecs.kwok.x-k8s.io created
[Queue: ClusterCreate][Command #0] customresourcedefinition.apiextensions.k8s.io/clusterlogs.kwok.x-k8s.io created
[Queue: ClusterCreate][Command #0] customresourcedefinition.apiextensions.k8s.io/clusterportforwards.kwok.x-k8s.io created
[Queue: ClusterCreate][Command #0] customresourcedefinition.apiextensions.k8s.io/clusterresourceusages.kwok.x-k8s.io created
[Queue: ClusterCreate][Command #0] customresourcedefinition.apiextensions.k8s.io/execs.kwok.x-k8s.io created
[Queue: ClusterCreate][Command #0] customresourcedefinition.apiextensions.k8s.io/logs.kwok.x-k8s.io created
[Queue: ClusterCreate][Command #0] customresourcedefinition.apiextensions.k8s.io/metrics.kwok.x-k8s.io created
[Queue: ClusterCreate][Command #0] customresourcedefinition.apiextensions.k8s.io/portforwards.kwok.x-k8s.io created
[Queue: ClusterCreate][Command #0] customresourcedefinition.apiextensions.k8s.io/resourceusages.kwok.x-k8s.io created
[Queue: ClusterCreate][Command #0] customresourcedefinition.apiextensions.k8s.io/stages.kwok.x-k8s.io created
[Queue: ClusterCreate][Command #0] serviceaccount/kwok-controller created
[Queue: ClusterCreate][Command #0] clusterrole.rbac.authorization.k8s.io/kwok-controller created
[Queue: ClusterCreate][Command #0] clusterrolebinding.rbac.authorization.k8s.io/kwok-controller created
[Queue: ClusterCreate][Command #0] configmap/kwok created
[Queue: ClusterCreate][Command #0] service/kwok-controller created
[Queue: ClusterCreate][Command #0] deployment.apps/kwok-controller created
[Queue: ClusterCreate][Command #0] flowschema.flowcontrol.apiserver.k8s.io/kwok-controller created
[Queue: ClusterCreate][Command #0 End] 20:50:51.440500 Executed at Time: 0.000000 Seconds

[Queue: ClusterCreate][Command #0 Start] 20:50:51.440780 kubectl apply -f - --kubeconfig /home/ubuntu/.kwok/clusters/provider-italy/kubeconfig.yaml --context 
[Queue: ClusterCreate][Command #0] stage.kwok.x-k8s.io/node-heartbeat-with-lease created
[Queue: ClusterCreate][Command #0] stage.kwok.x-k8s.io/node-initialize created
[Queue: ClusterCreate][Command #0] stage.kwok.x-k8s.io/pod-complete created
[Queue: ClusterCreate][Command #0] stage.kwok.x-k8s.io/pod-delete created
[Queue: ClusterCreate][Command #0] stage.kwok.x-k8s.io/pod-ready created
[Queue: ClusterCreate][Command #0 End] 20:50:53.830130 Executed at Time: 0.000000 Seconds

[Queue: ClusterCreate][Command #0 Start] 20:50:53.830284 kubectl apply -f - --kubeconfig /home/ubuntu/.kwok/clusters/provider-italy/kubeconfig.yaml --context 
[Queue: ClusterCreate][Command #0] clusterresourceusage.kwok.x-k8s.io/usage-from-annotation created
[Queue: ClusterCreate][Command #0] metric.kwok.x-k8s.io/metrics-resource created
[Queue: ClusterCreate][Command #0 End] 20:50:54.114093 Executed at Time: 0.000000 Seconds

[Queue: ClusterCreate][Command #0 Start] 20:50:55.296716 kind load docker-image quay.io/cilium/cilium:v1.17.6 --name provider-italy
[Queue: ClusterCreate][Command #0 End] 20:52:05.462645 Executed at Time: 0.000000 Seconds

[Queue: ClusterCreate][Command #0 Start] 20:52:05.462925 helm install cilium cilium/cilium --version v1.17.6 --namespace kube-system --set image.PullPolicy=IfNotPresent --set ipam.mode=kubernetes -f - --kubeconfig /home/ubuntu/.kwok/clusters/provider-italy/kubeconfig.yaml --wait
[Queue: ClusterCreate][Command #0] NAME: cilium
[Queue: ClusterCreate][Command #0] LAST DEPLOYED: Mon Sep 22 20:52:06 2025
[Queue: ClusterCreate][Command #0] NAMESPACE: kube-system
[Queue: ClusterCreate][Command #0] STATUS: deployed
[Queue: ClusterCreate][Command #0] REVISION: 1
[Queue: ClusterCreate][Command #0] TEST SUITE: None
[Queue: ClusterCreate][Command #0] NOTES:
[Queue: ClusterCreate][Command #0] You have successfully installed Cilium with Hubble.
[Queue: ClusterCreate][Command #0] 
[Queue: ClusterCreate][Command #0] Your release version is 1.17.6.
[Queue: ClusterCreate][Command #0] 
[Queue: ClusterCreate][Command #0] For any further help, visit https://docs.cilium.io/en/v1.17/gettinghelp
[Queue: ClusterCreate][Command #0 End] 20:52:28.843802 Executed at Time: 0.000000 Seconds

[Queue: ClusterCreate][Command #0 Start] 20:52:28.843983 kubectl apply -f fluidos-crds/ --kubeconfig /home/ubuntu/.kwok/clusters/provider-italy/kubeconfig.yaml --context 
[Queue: ClusterCreate][Command #0] customresourcedefinition.apiextensions.k8s.io/discoveries.advertisement.fluidos.eu created
[Queue: ClusterCreate][Command #0] customresourcedefinition.apiextensions.k8s.io/peeringcandidates.advertisement.fluidos.eu created
[Queue: ClusterCreate][Command #0] configmap/fluidos-mbmo-configmap created
[Queue: ClusterCreate][Command #0] customresourcedefinition.apiextensions.k8s.io/fluidosdeployments.fluidos.eu created
[Queue: ClusterCreate][Command #0] customresourcedefinition.apiextensions.k8s.io/allocations.nodecore.fluidos.eu created
[Queue: ClusterCreate][Command #0] customresourcedefinition.apiextensions.k8s.io/flavors.nodecore.fluidos.eu created
[Queue: ClusterCreate][Command #0] customresourcedefinition.apiextensions.k8s.io/serviceblueprints.nodecore.fluidos.eu created
[Queue: ClusterCreate][Command #0] customresourcedefinition.apiextensions.k8s.io/solvers.nodecore.fluidos.eu created
[Queue: ClusterCreate][Command #0] customresourcedefinition.apiextensions.k8s.io/contracts.reservation.fluidos.eu created
[Queue: ClusterCreate][Command #0] customresourcedefinition.apiextensions.k8s.io/reservations.reservation.fluidos.eu created
[Queue: ClusterCreate][Command #0] customresourcedefinition.apiextensions.k8s.io/transactions.reservation.fluidos.eu created
[Queue: ClusterCreate][Command #0 End] 20:52:29.284931 Executed at Time: 0.000000 Seconds

[Queue: ClusterCreate][Command #0 Start] 20:52:29.285075 kubectl delete configmaps fluidos-mbmo-configmap --kubeconfig /home/ubuntu/.kwok/clusters/provider-italy/kubeconfig.yaml --context 
[Queue: ClusterCreate][Command #0] configmap "fluidos-mbmo-configmap" deleted from default namespace
[Queue: ClusterCreate][Command #0 End] 20:52:29.385338 Executed at Time: 0.000000 Seconds

[Queue: LiqoInstall][Command #0 Start] 20:52:35.112327 node uncordon
[Queue: LiqoInstall][Command #0] Uncordoned node provider-italy-control-plane
[Queue: LiqoInstall][Command #0 End] 20:52:35.142191 Executed at Time: 0.000000 Seconds

[Queue: LiqoInstall][Command #0 Start] 20:52:35.142318 liqoctl install kind --kubeconfig /home/ubuntu/.kwok/clusters/provider-italy/kubeconfig.yaml --cluster-id provider-italy
[Queue: LiqoInstall][Command #0 End] 20:53:20.158816 Executed at Time: 0.000000 Seconds

[Queue: Topology][Command #0 Start] 20:53:20.160097 node create
[Queue: Topology][Command #0] Created Node: default-node-0
[Queue: Topology][Command #0] Created Node: default-node-1
[Queue: Topology][Command #0] Created Node: default-node-3
[Queue: Topology][Command #0] Created Node: default-node-4
[Queue: Topology][Command #0] Created Node: default-node-2
[Queue: Topology][Command #0 End] 20:53:20.171062 Executed at Time: 0.000000 Seconds

[Queue: HelmFluidOSNodeInstall][Command #0 Start] 20:53:20.488132 helm upgrade --install --devel --namespace fluidos --create-namespace node fluidos/node --set provider=kind --set common.configMaps.nodeIdentity.ip=172.18.0.3 --set common.configMaps.nodeIdentity.domain=provider-italy.fluidos.eu --set common.configMaps.nodeIdentity.nodeId=provider-italy --set rearController.service.gateway.nodePort.port=30001 --set networkManager.config.enableLocalDiscovery=false --wait --timeout 1h --kubeconfig /home/ubuntu/.kwok/clusters/provider-italy/kubeconfig.yaml
[Queue: HelmFluidOSNodeInstall][Command #0] Release "node" does not exist. Installing it now.
[Queue: HelmFluidOSNodeInstall][Command #0] NAME: node
[Queue: HelmFluidOSNodeInstall][Command #0] LAST DEPLOYED: Mon Sep 22 20:53:21 2025
[Queue: HelmFluidOSNodeInstall][Command #0] NAMESPACE: fluidos
[Queue: HelmFluidOSNodeInstall][Command #0] STATUS: deployed
[Queue: HelmFluidOSNodeInstall][Command #0] REVISION: 1
[Queue: HelmFluidOSNodeInstall][Command #0] TEST SUITE: None
[Queue: HelmFluidOSNodeInstall][Command #0 End] 20:54:15.236455 Executed at Time: 0.000000 Seconds

[Queue: LiqoEnd][Command #0 Start] 20:55:01.640897 node cordon
[Queue: LiqoEnd][Command #0] Cordoned node provider-italy-control-plane
[Queue: LiqoEnd][Command #0 End] 20:55:01.662862 Executed at Time: 0.000000 Seconds

[Queue: LiqoEnd][Command #0 Start] 20:55:01.662978 node uncordon
[Queue: LiqoEnd][Command #0] Uncordoned node default-node-0
[Queue: LiqoEnd][Command #0] Uncordoned node default-node-3
[Queue: LiqoEnd][Command #0] Uncordoned node default-node-2
[Queue: LiqoEnd][Command #0] Uncordoned node default-node-4
[Queue: LiqoEnd][Command #0] Uncordoned node default-node-1
[Queue: LiqoEnd][Command #0 End] 20:55:01.680268 Executed at Time: 0.000000 Seconds

[Queue: IT-Queue][Command #3 Start] 20:55:08.710609 kubectl get no -o wide --kubeconfig /home/ubuntu/.kwok/clusters/provider-italy/kubeconfig.yaml --context kind-provider-italy
[Queue: IT-Queue][Command #3] NAME                           STATUS                     ROLES           AGE     VERSION       INTERNAL-IP    EXTERNAL-IP   OS-IMAGE                         KERNEL-VERSION     CONTAINER-RUNTIME
[Queue: IT-Queue][Command #3] default-node-0                 Ready                      worker          108s    kwok-v0.7.0   10.244.0.122   <none>        <unknown>                        kwok-v0.7.0        kwok-v0.7.0
[Queue: IT-Queue][Command #3] default-node-1                 Ready                      worker          108s    kwok-v0.7.0   10.244.0.122   <none>        <unknown>                        kwok-v0.7.0        kwok-v0.7.0
[Queue: IT-Queue][Command #3] default-node-2                 Ready                      worker          108s    kwok-v0.7.0   10.244.0.122   <none>        <unknown>                        kwok-v0.7.0        kwok-v0.7.0
[Queue: IT-Queue][Command #3] default-node-3                 Ready                      worker          108s    kwok-v0.7.0   10.244.0.122   <none>        <unknown>                        kwok-v0.7.0        kwok-v0.7.0
[Queue: IT-Queue][Command #3] default-node-4                 Ready                      worker          108s    kwok-v0.7.0   10.244.0.122   <none>        <unknown>                        kwok-v0.7.0        kwok-v0.7.0
[Queue: IT-Queue][Command #3] provider-italy-control-plane   Ready,SchedulingDisabled   control-plane   4m23s   v1.34.0       172.18.0.3     <none>        Debian GNU/Linux 12 (bookworm)   6.8.0-79-generic   containerd://2.1.3
[Queue: IT-Queue][Command #3 End] 20:55:08.854095 Executed at Time: 2.000653 Seconds

[Queue: IT-Queue][Command #1 Start] 20:55:21.710238 kubectl get po -o wide --kubeconfig /home/ubuntu/.kwok/clusters/provider-italy/kubeconfig.yaml --context kind-provider-italy --namespace liqo-namespace
[Queue: IT-Queue][Command #1 End] 20:55:21.854884 Executed at Time: 15.000285 Seconds

[Queue: IT-Queue][Command #2 Start] 20:55:46.710286 kubectl get flavors --kubeconfig /home/ubuntu/.kwok/clusters/provider-italy/kubeconfig.yaml --context kind-provider-italy --namespace fluidos
[Queue: IT-Queue][Command #2] NAME                                     PROVIDER ID   TYPE      AVAILABLE   AGE   KUBERNETES NODE OWNER
[Queue: IT-Queue][Command #2] provider-italy.fluidos.eu-k8slice-0892   ukghpgqgxj    K8Slice   true        98s   default-node-3
[Queue: IT-Queue][Command #2] provider-italy.fluidos.eu-k8slice-2ae0   ukghpgqgxj    K8Slice   true        98s   default-node-4
[Queue: IT-Queue][Command #2] provider-italy.fluidos.eu-k8slice-7549   ukghpgqgxj    K8Slice   true        98s   default-node-2
[Queue: IT-Queue][Command #2] provider-italy.fluidos.eu-k8slice-8ad1   ukghpgqgxj    K8Slice   true        98s   default-node-1
[Queue: IT-Queue][Command #2] provider-italy.fluidos.eu-k8slice-90f6   ukghpgqgxj    K8Slice   true        98s   default-node-0
[Queue: IT-Queue][Command #2 End] 20:55:46.880757 Executed at Time: 40.000324 Seconds

[Queue: ClusterDelete][Command #0 Start] 20:55:49.903896 kind delete cluster --name provider-italy
[Queue: ClusterDelete][Command #0 End] 20:55:52.693422 Executed at Time: 43.194065 Seconds

