[Queue: ClusterCreate][Command #0 Start] 20:50:27.992471 helm repo add cilium https://helm.cilium.io/
[Queue: ClusterCreate][Command #0] "cilium" already exists with the same configuration, skipping
[Queue: ClusterCreate][Command #0 End] 20:50:28.073764 Executed at Time: 0.000000 Seconds

[Queue: ClusterCreate][Command #0 Start] 20:50:28.074725 kind create cluster --name consumer --config - --kubeconfig /home/ubuntu/.kwok/clusters/consumer/kubeconfig.yaml
[Queue: ClusterCreate][Command #0 End] 20:50:50.529701 Executed at Time: 0.000000 Seconds

[Queue: ClusterCreate][Command #0 Start] 20:50:50.530073 kubectl apply -f - --kubeconfig /home/ubuntu/.kwok/clusters/consumer/kubeconfig.yaml --context 
[Queue: ClusterCreate][Command #0] customresourcedefinition.apiextensions.k8s.io/attaches.kwok.x-k8s.io created
[Queue: ClusterCreate][Command #0] customresourcedefinition.apiextensions.k8s.io/clusterattaches.kwok.x-k8s.io created
[Queue: ClusterCreate][Command #0] customresourcedefinition.apiextensions.k8s.io/clusterexecs.kwok.x-k8s.io created
[Queue: ClusterCreate][Command #0] customresourcedefinition.apiextensions.k8s.io/clusterlogs.kwok.x-k8s.io created
[Queue: ClusterCreate][Command #0] customresourcedefinition.apiextensions.k8s.io/clusterportforwards.kwok.x-k8s.io created
[Queue: ClusterCreate][Command #0] customresourcedefinition.apiextensions.k8s.io/clusterresourceusages.kwok.x-k8s.io created
[Queue: ClusterCreate][Command #0] customresourcedefinition.apiextensions.k8s.io/execs.kwok.x-k8s.io created
[Queue: ClusterCreate][Command #0] customresourcedefinition.apiextensions.k8s.io/logs.kwok.x-k8s.io created
[Queue: ClusterCreate][Command #0] customresourcedefinition.apiextensions.k8s.io/metrics.kwok.x-k8s.io created
[Queue: ClusterCreate][Command #0] customresourcedefinition.apiextensions.k8s.io/portforwards.kwok.x-k8s.io created
[Queue: ClusterCreate][Command #0] customresourcedefinition.apiextensions.k8s.io/resourceusages.kwok.x-k8s.io created
[Queue: ClusterCreate][Command #0] customresourcedefinition.apiextensions.k8s.io/stages.kwok.x-k8s.io created
[Queue: ClusterCreate][Command #0] serviceaccount/kwok-controller created
[Queue: ClusterCreate][Command #0] clusterrole.rbac.authorization.k8s.io/kwok-controller created
[Queue: ClusterCreate][Command #0] clusterrolebinding.rbac.authorization.k8s.io/kwok-controller created
[Queue: ClusterCreate][Command #0] configmap/kwok created
[Queue: ClusterCreate][Command #0] service/kwok-controller created
[Queue: ClusterCreate][Command #0] deployment.apps/kwok-controller created
[Queue: ClusterCreate][Command #0] flowschema.flowcontrol.apiserver.k8s.io/kwok-controller created
[Queue: ClusterCreate][Command #0 End] 20:50:51.274597 Executed at Time: 0.000000 Seconds

[Queue: ClusterCreate][Command #0 Start] 20:50:51.275014 kubectl apply -f - --kubeconfig /home/ubuntu/.kwok/clusters/consumer/kubeconfig.yaml --context 
[Queue: ClusterCreate][Command #0] stage.kwok.x-k8s.io/node-heartbeat-with-lease created
[Queue: ClusterCreate][Command #0] stage.kwok.x-k8s.io/node-initialize created
[Queue: ClusterCreate][Command #0] stage.kwok.x-k8s.io/pod-complete created
[Queue: ClusterCreate][Command #0] stage.kwok.x-k8s.io/pod-delete created
[Queue: ClusterCreate][Command #0] stage.kwok.x-k8s.io/pod-ready created
[Queue: ClusterCreate][Command #0 End] 20:50:53.636223 Executed at Time: 0.000000 Seconds

[Queue: ClusterCreate][Command #0 Start] 20:50:53.636431 kubectl apply -f - --kubeconfig /home/ubuntu/.kwok/clusters/consumer/kubeconfig.yaml --context 
[Queue: ClusterCreate][Command #0] clusterresourceusage.kwok.x-k8s.io/usage-from-annotation created
[Queue: ClusterCreate][Command #0] metric.kwok.x-k8s.io/metrics-resource created
[Queue: ClusterCreate][Command #0 End] 20:50:53.894965 Executed at Time: 0.000000 Seconds

[Queue: ClusterCreate][Command #0 Start] 20:50:54.990728 kind load docker-image quay.io/cilium/cilium:v1.17.6 --name consumer
[Queue: ClusterCreate][Command #0 End] 20:52:05.569140 Executed at Time: 0.000000 Seconds

[Queue: ClusterCreate][Command #0 Start] 20:52:05.569331 helm install cilium cilium/cilium --version v1.17.6 --namespace kube-system --set image.PullPolicy=IfNotPresent --set ipam.mode=kubernetes -f - --kubeconfig /home/ubuntu/.kwok/clusters/consumer/kubeconfig.yaml --wait
[Queue: ClusterCreate][Command #0] NAME: cilium
[Queue: ClusterCreate][Command #0] LAST DEPLOYED: Mon Sep 22 20:52:06 2025
[Queue: ClusterCreate][Command #0] NAMESPACE: kube-system
[Queue: ClusterCreate][Command #0] STATUS: deployed
[Queue: ClusterCreate][Command #0] REVISION: 1
[Queue: ClusterCreate][Command #0] TEST SUITE: None
[Queue: ClusterCreate][Command #0] NOTES:
[Queue: ClusterCreate][Command #0] You have successfully installed Cilium with Hubble.
[Queue: ClusterCreate][Command #0] 
[Queue: ClusterCreate][Command #0] Your release version is 1.17.6.
[Queue: ClusterCreate][Command #0] 
[Queue: ClusterCreate][Command #0] For any further help, visit https://docs.cilium.io/en/v1.17/gettinghelp
[Queue: ClusterCreate][Command #0 End] 20:52:34.579463 Executed at Time: 0.000000 Seconds

[Queue: ClusterCreate][Command #0 Start] 20:52:34.579609 kubectl apply -f fluidos-crds/ --kubeconfig /home/ubuntu/.kwok/clusters/consumer/kubeconfig.yaml --context 
[Queue: ClusterCreate][Command #0] customresourcedefinition.apiextensions.k8s.io/discoveries.advertisement.fluidos.eu created
[Queue: ClusterCreate][Command #0] customresourcedefinition.apiextensions.k8s.io/peeringcandidates.advertisement.fluidos.eu created
[Queue: ClusterCreate][Command #0] configmap/fluidos-mbmo-configmap created
[Queue: ClusterCreate][Command #0] customresourcedefinition.apiextensions.k8s.io/fluidosdeployments.fluidos.eu created
[Queue: ClusterCreate][Command #0] customresourcedefinition.apiextensions.k8s.io/allocations.nodecore.fluidos.eu created
[Queue: ClusterCreate][Command #0] customresourcedefinition.apiextensions.k8s.io/flavors.nodecore.fluidos.eu created
[Queue: ClusterCreate][Command #0] customresourcedefinition.apiextensions.k8s.io/serviceblueprints.nodecore.fluidos.eu created
[Queue: ClusterCreate][Command #0] customresourcedefinition.apiextensions.k8s.io/solvers.nodecore.fluidos.eu created
[Queue: ClusterCreate][Command #0] customresourcedefinition.apiextensions.k8s.io/contracts.reservation.fluidos.eu created
[Queue: ClusterCreate][Command #0] customresourcedefinition.apiextensions.k8s.io/reservations.reservation.fluidos.eu created
[Queue: ClusterCreate][Command #0] customresourcedefinition.apiextensions.k8s.io/transactions.reservation.fluidos.eu created
[Queue: ClusterCreate][Command #0 End] 20:52:34.970175 Executed at Time: 0.000000 Seconds

[Queue: ClusterCreate][Command #0 Start] 20:52:34.970399 kubectl delete configmaps fluidos-mbmo-configmap --kubeconfig /home/ubuntu/.kwok/clusters/consumer/kubeconfig.yaml --context 
[Queue: ClusterCreate][Command #0] configmap "fluidos-mbmo-configmap" deleted from default namespace
[Queue: ClusterCreate][Command #0 End] 20:52:35.095964 Executed at Time: 0.000000 Seconds

[Queue: LiqoInstall][Command #0 Start] 20:52:35.112236 node uncordon
[Queue: LiqoInstall][Command #0] Uncordoned node consumer-control-plane
[Queue: LiqoInstall][Command #0 End] 20:52:35.144079 Executed at Time: 0.000000 Seconds

[Queue: LiqoInstall][Command #0 Start] 20:52:35.144216 liqoctl install kind --kubeconfig /home/ubuntu/.kwok/clusters/consumer/kubeconfig.yaml --cluster-id consumer
[Queue: LiqoInstall][Command #0 End] 20:53:18.162252 Executed at Time: 0.000000 Seconds

[Queue: HelmRepoUpdate][Command #0 Start] 20:53:20.185135 helm repo add fluidos https://fluidos-project.github.io/node/ --force-update
[Queue: HelmRepoUpdate][Command #0] "fluidos" has been added to your repositories
[Queue: HelmRepoUpdate][Command #0 End] 20:53:20.483300 Executed at Time: 0.000000 Seconds

[Queue: HelmFluidOSNodeInstall][Command #0 Start] 20:54:15.236691 kubectl apply -f - --kubeconfig /home/ubuntu/.kwok/clusters/consumer/kubeconfig.yaml --context kind-consumer
[Queue: HelmFluidOSNodeInstall][Command #0] knowncluster.network.fluidos.eu/knowncluster-provider-italy created
[Queue: HelmFluidOSNodeInstall][Command #0 End] 20:54:15.394203 Executed at Time: 0.000000 Seconds

[Queue: HelmFluidOSNodeInstall][Command #0 Start] 20:53:20.486889 helm upgrade --install --devel --namespace fluidos --create-namespace node fluidos/node --set provider=kind --set common.configMaps.nodeIdentity.ip=172.18.0.2 --set common.configMaps.nodeIdentity.domain=consumer.fluidos.eu --set common.configMaps.nodeIdentity.nodeId=consumer --set rearController.service.gateway.nodePort.port=30000 --set networkManager.config.enableLocalDiscovery=false --wait --timeout 1h --kubeconfig /home/ubuntu/.kwok/clusters/consumer/kubeconfig.yaml
[Queue: HelmFluidOSNodeInstall][Command #0] Release "node" does not exist. Installing it now.
[Queue: HelmFluidOSNodeInstall][Command #0] NAME: node
[Queue: HelmFluidOSNodeInstall][Command #0] LAST DEPLOYED: Mon Sep 22 20:53:21 2025
[Queue: HelmFluidOSNodeInstall][Command #0] NAMESPACE: fluidos
[Queue: HelmFluidOSNodeInstall][Command #0] STATUS: deployed
[Queue: HelmFluidOSNodeInstall][Command #0] REVISION: 1
[Queue: HelmFluidOSNodeInstall][Command #0] TEST SUITE: None
[Queue: HelmFluidOSNodeInstall][Command #0 End] 20:54:16.025754 Executed at Time: 0.000000 Seconds

[Queue: HelmFluidOSNodeInstall][Command #0 Start] 20:54:17.842670 kubectl apply -f - --kubeconfig /home/ubuntu/.kwok/clusters/consumer/kubeconfig.yaml --context kind-consumer
[Queue: HelmFluidOSNodeInstall][Command #0] knowncluster.network.fluidos.eu/knowncluster-provider-germany created
[Queue: HelmFluidOSNodeInstall][Command #0 End] 20:54:18.011114 Executed at Time: 0.000000 Seconds

[Queue: LiqoPeer][Command #0 Start] 20:54:26.799820 liqoctl peer --remote-kubeconfig /home/ubuntu/.kwok/clusters/provider-italy/kubeconfig.yaml --gw-server-service-type NodePort --kubeconfig /home/ubuntu/.kwok/clusters/consumer/kubeconfig.yaml --cpu 80 --memory 80Gi --pods 1270
[Queue: LiqoPeer][Command #0 End] 20:55:00.952001 Executed at Time: 0.000000 Seconds

[Queue: LiqoPeer][Command #0 Start] 20:54:26.799825 liqoctl peer --remote-kubeconfig /home/ubuntu/.kwok/clusters/provider-germany/kubeconfig.yaml --gw-server-service-type NodePort --kubeconfig /home/ubuntu/.kwok/clusters/consumer/kubeconfig.yaml --cpu 80 --memory 80Gi --pods 1270
[Queue: LiqoPeer][Command #0 End] 20:55:00.957965 Executed at Time: 0.000000 Seconds

[Queue: FluidOSEnd][Command #0 Start] 20:55:00.958624 kubectl apply -f - --kubeconfig /home/ubuntu/.kwok/clusters/consumer/kubeconfig.yaml --context kind-consumer --namespace fluidos
[Queue: FluidOSEnd][Command #0] configmap/fluidos-mbmo-configmap created
[Queue: FluidOSEnd][Command #0 End] 20:55:01.228113 Executed at Time: 0.000000 Seconds

[Queue: LiqoOffload][Command #0 Start] 20:55:01.228818 kubectl create namespace liqo-namespace --kubeconfig /home/ubuntu/.kwok/clusters/consumer/kubeconfig.yaml --context kind-consumer
[Queue: LiqoOffload][Command #0] namespace/liqo-namespace created
[Queue: LiqoOffload][Command #0 End] 20:55:01.350521 Executed at Time: 0.000000 Seconds

[Queue: LiqoOffload][Command #0 Start] 20:55:01.350754 liqoctl offload namespace liqo-namespace --namespace-mapping-strategy EnforceSameName --pod-offloading-strategy LocalAndRemote --kubeconfig /home/ubuntu/.kwok/clusters/consumer/kubeconfig.yaml
[Queue: LiqoOffload][Command #0 End] 20:55:01.617302 Executed at Time: 0.000000 Seconds

[Queue: LiqoEnd][Command #0 Start] 20:55:01.617447 node cordon
[Queue: LiqoEnd][Command #0] Cordoned node consumer-control-plane
[Queue: LiqoEnd][Command #0 End] 20:55:01.635814 Executed at Time: 0.000000 Seconds

[Queue: LiqoEnd][Command #0 Start] 20:55:01.636026 node uncordon
[Queue: LiqoEnd][Command #0 End] 20:55:01.640751 Executed at Time: 0.000000 Seconds

[Queue: Consumer-Queue][Command #5 Start] 20:55:07.711221 kubectl apply -f fluidos-deployment.yaml --kubeconfig /home/ubuntu/.kwok/clusters/consumer/kubeconfig.yaml --context kind-consumer --namespace liqo-namespace
[Queue: Consumer-Queue][Command #5] fluidosdeployment.fluidos.eu/default-deployment created
[Queue: Consumer-Queue][Command #5 End] 20:55:07.886416 Executed at Time: 1.001232 Seconds

[Queue: Consumer-Queue][Command #1 Start] 20:55:10.711184 kubectl get no -o wide --kubeconfig /home/ubuntu/.kwok/clusters/consumer/kubeconfig.yaml --context kind-consumer
[Queue: Consumer-Queue][Command #1] NAME                     STATUS                     ROLES           AGE     VERSION   INTERNAL-IP   EXTERNAL-IP   OS-IMAGE                         KERNEL-VERSION     CONTAINER-RUNTIME
[Queue: Consumer-Queue][Command #1] consumer-control-plane   Ready,SchedulingDisabled   control-plane   4m26s   v1.34.0   172.18.0.2    <none>        Debian GNU/Linux 12 (bookworm)   6.8.0-79-generic   containerd://2.1.3
[Queue: Consumer-Queue][Command #1] provider-germany         Ready                      agent           5s      v1.34.0   10.244.0.3    <none>        <unknown>                        <unknown>          <unknown>
[Queue: Consumer-Queue][Command #1] provider-italy           Ready                      agent           5s      v1.34.0   10.244.0.43   <none>        <unknown>                        <unknown>          <unknown>
[Queue: Consumer-Queue][Command #1 End] 20:55:10.852099 Executed at Time: 4.001293 Seconds

[Queue: Consumer-Queue][Command #2 Start] 20:55:10.711395 kubectl get po -o wide --kubeconfig /home/ubuntu/.kwok/clusters/consumer/kubeconfig.yaml --context kind-consumer --namespace fluidos
[Queue: Consumer-Queue][Command #2] NAME                                           READY   STATUS    RESTARTS   AGE   IP             NODE                     NOMINATED NODE   READINESS GATES
[Queue: Consumer-Queue][Command #2] node-local-resource-manager-6b96db56fb-x4pw7   1/1     Running   0          69s   10.244.0.102   consumer-control-plane   <none>           <none>
[Queue: Consumer-Queue][Command #2] node-network-manager-cqkxs                     1/1     Running   0          69s   10.244.0.69    consumer-control-plane   <none>           <none>
[Queue: Consumer-Queue][Command #2] node-rear-controller-cdb7c5688-t6hcd           1/1     Running   0          69s   10.244.0.30    consumer-control-plane   <none>           <none>
[Queue: Consumer-Queue][Command #2] node-rear-manager-f6fccfdb5-q2k7b              1/1     Running   0          69s   10.244.0.63    consumer-control-plane   <none>           <none>
[Queue: Consumer-Queue][Command #2 End] 20:55:10.872003 Executed at Time: 4.001411 Seconds

[Queue: Consumer-Queue][Command #4 Start] 20:55:11.711296 kubectl get solver -o yaml --kubeconfig /home/ubuntu/.kwok/clusters/consumer/kubeconfig.yaml --context kind-consumer --namespace fluidos
[Queue: Consumer-Queue][Command #4] apiVersion: v1
[Queue: Consumer-Queue][Command #4] items: []
[Queue: Consumer-Queue][Command #4] kind: List
[Queue: Consumer-Queue][Command #4] metadata:
[Queue: Consumer-Queue][Command #4]   resourceVersion: ""
[Queue: Consumer-Queue][Command #4 End] 20:55:11.859644 Executed at Time: 5.001333 Seconds

[Queue: Consumer-Queue][Command #3 Start] 20:55:16.710406 kubectl get po -o wide --kubeconfig /home/ubuntu/.kwok/clusters/consumer/kubeconfig.yaml --context kind-consumer --all-namespaces
[Queue: Consumer-Queue][Command #3] NAMESPACE                      NAME                                             READY   STATUS              RESTARTS   AGE     IP             NODE                     NOMINATED NODE   READINESS GATES
[Queue: Consumer-Queue][Command #3] cert-manager                   cert-manager-595b985855-lstrl                    1/1     Running             0          100s    10.244.0.23    consumer-control-plane   <none>           <none>
[Queue: Consumer-Queue][Command #3] cert-manager                   cert-manager-cainjector-dd577f84c-4rc4b          1/1     Running             0          100s    10.244.0.172   consumer-control-plane   <none>           <none>
[Queue: Consumer-Queue][Command #3] cert-manager                   cert-manager-webhook-79cd9bf9d-45vwk             1/1     Running             0          100s    10.244.0.52    consumer-control-plane   <none>           <none>
[Queue: Consumer-Queue][Command #3] fluidos                        node-local-resource-manager-6b96db56fb-x4pw7     1/1     Running             0          75s     10.244.0.102   consumer-control-plane   <none>           <none>
[Queue: Consumer-Queue][Command #3] fluidos                        node-network-manager-cqkxs                       1/1     Running             0          75s     10.244.0.69    consumer-control-plane   <none>           <none>
[Queue: Consumer-Queue][Command #3] fluidos                        node-rear-controller-cdb7c5688-t6hcd             1/1     Running             0          75s     10.244.0.30    consumer-control-plane   <none>           <none>
[Queue: Consumer-Queue][Command #3] fluidos                        node-rear-manager-f6fccfdb5-q2k7b                1/1     Running             0          75s     10.244.0.63    consumer-control-plane   <none>           <none>
[Queue: Consumer-Queue][Command #3] kube-system                    cilium-envoy-45b47                               0/1     Pending             0          11s     <none>         <none>                   <none>           <none>
[Queue: Consumer-Queue][Command #3] kube-system                    cilium-envoy-b6xgz                               0/1     Pending             0          11s     <none>         <none>                   <none>           <none>
[Queue: Consumer-Queue][Command #3] kube-system                    cilium-envoy-psfx7                               1/1     Running             0          3m8s    172.18.0.2     consumer-control-plane   <none>           <none>
[Queue: Consumer-Queue][Command #3] kube-system                    cilium-nx6zr                                     1/1     Running             0          3m8s    172.18.0.2     consumer-control-plane   <none>           <none>
[Queue: Consumer-Queue][Command #3] kube-system                    cilium-operator-58bc444987-khff4                 0/1     OffloadingBackOff   0          3m8s    <none>         provider-germany         <none>           <none>
[Queue: Consumer-Queue][Command #3] kube-system                    cilium-operator-58bc444987-r9864                 1/1     Running             0          3m8s    172.18.0.2     consumer-control-plane   <none>           <none>
[Queue: Consumer-Queue][Command #3] kube-system                    coredns-66bc5c9577-7dqnn                         1/1     Running             0          4m21s   10.244.0.234   consumer-control-plane   <none>           <none>
[Queue: Consumer-Queue][Command #3] kube-system                    coredns-66bc5c9577-pwg75                         1/1     Running             0          4m21s   10.244.0.48    consumer-control-plane   <none>           <none>
[Queue: Consumer-Queue][Command #3] kube-system                    etcd-consumer-control-plane                      1/1     Running             0          4m28s   172.18.0.2     consumer-control-plane   <none>           <none>
[Queue: Consumer-Queue][Command #3] kube-system                    kube-apiserver-consumer-control-plane            1/1     Running             0          4m28s   172.18.0.2     consumer-control-plane   <none>           <none>
[Queue: Consumer-Queue][Command #3] kube-system                    kube-controller-manager-consumer-control-plane   1/1     Running             0          4m28s   172.18.0.2     consumer-control-plane   <none>           <none>
[Queue: Consumer-Queue][Command #3] kube-system                    kube-proxy-fwz6h                                 0/1     OffloadingBackOff   0          11s     <none>         provider-italy           <none>           <none>
[Queue: Consumer-Queue][Command #3] kube-system                    kube-proxy-ql5hb                                 1/1     Running             0          4m22s   172.18.0.2     consumer-control-plane   <none>           <none>
[Queue: Consumer-Queue][Command #3] kube-system                    kube-proxy-xnt4t                                 0/1     OffloadingBackOff   0          11s     <none>         provider-germany         <none>           <none>
[Queue: Consumer-Queue][Command #3] kube-system                    kube-scheduler-consumer-control-plane            1/1     Running             0          4m28s   172.18.0.2     consumer-control-plane   <none>           <none>
[Queue: Consumer-Queue][Command #3] kube-system                    kwok-controller-d5dbcc9d9-vj5nx                  1/1     Running             0          4m21s   10.244.0.29    consumer-control-plane   <none>           <none>
[Queue: Consumer-Queue][Command #3] kube-system                    metrics-server-6b8d48fc4-tsmv6                   1/1     Running             0          104s    10.244.0.90    consumer-control-plane   <none>           <none>
[Queue: Consumer-Queue][Command #3] liqo-tenant-provider-germany   gw-provider-germany-5bf4cd4fd8-qzrph             3/3     Running             0          35s     10.244.0.201   consumer-control-plane   <none>           <none>
[Queue: Consumer-Queue][Command #3] liqo-tenant-provider-germany   vk-provider-germany-68d7bf7b55-ld4xb             1/1     Running             0          16s     10.244.0.3     consumer-control-plane   <none>           <none>
[Queue: Consumer-Queue][Command #3] liqo-tenant-provider-italy     gw-provider-italy-bb9549d6c-j82d8                3/3     Running             0          36s     10.244.0.159   consumer-control-plane   <none>           <none>
[Queue: Consumer-Queue][Command #3] liqo-tenant-provider-italy     vk-provider-italy-744b54fdd5-5tqr9               1/1     Running             0          16s     10.244.0.43    consumer-control-plane   <none>           <none>
[Queue: Consumer-Queue][Command #3] liqo                           liqo-controller-manager-8c8c6757b-9dgkm          1/1     Running             0          2m35s   10.244.0.126   consumer-control-plane   <none>           <none>
[Queue: Consumer-Queue][Command #3] liqo                           liqo-crd-replicator-575c6b99b4-f8zwn             1/1     Running             0          2m35s   10.244.0.119   consumer-control-plane   <none>           <none>
[Queue: Consumer-Queue][Command #3] liqo                           liqo-fabric-sxblr                                1/1     Running             0          2m35s   172.18.0.2     consumer-control-plane   <none>           <none>
[Queue: Consumer-Queue][Command #3] liqo                           liqo-ipam-c9bd4fc4c-7kl69                        1/1     Running             0          2m35s   10.244.0.173   consumer-control-plane   <none>           <none>
[Queue: Consumer-Queue][Command #3] liqo                           liqo-metric-agent-6d4b686655-mt8lk               1/1     Running             0          2m35s   10.244.0.149   consumer-control-plane   <none>           <none>
[Queue: Consumer-Queue][Command #3] liqo                           liqo-proxy-5d94bbd5f7-4thhz                      1/1     Running             0          2m35s   10.244.0.132   consumer-control-plane   <none>           <none>
[Queue: Consumer-Queue][Command #3] liqo                           liqo-webhook-dd86d5f7c-hj2lh                     1/1     Running             0          2m35s   10.244.0.210   consumer-control-plane   <none>           <none>
[Queue: Consumer-Queue][Command #3] local-path-storage             local-path-provisioner-7b8c8ddbd6-4dgld          1/1     Running             0          4m21s   10.244.0.28    consumer-control-plane   <none>           <none>
[Queue: Consumer-Queue][Command #3 End] 20:55:16.935927 Executed at Time: 10.000422 Seconds

[Queue: Metaorchestrator][Command #0 Start] 20:55:01.708358 kopf run -m fluidos_model_orchestrator
[Queue: Metaorchestrator][Command #0 End] 20:55:46.885272 Executed at Time: 0.000000 Seconds

[Queue: ClusterDelete][Command #0 Start] 20:55:46.885980 kind delete cluster --name consumer
[Queue: ClusterDelete][Command #0 End] 20:55:49.903021 Executed at Time: 40.176148 Seconds

